        -:    0:Source:gcov.c
        -:    0:Graph:gcov.gcno
        -:    0:Data:gcov.gcda
        -:    0:Runs:4
        -:    0:Programs:1
        -:    1:#include<stdio.h>
        -:    2:#include<math.h>
        -:    3:
function F called 1 returned 100% blocks executed 100%
        1:    4:float F(float x) // функция f(x)
        1:    4-block  0
        -:    5:{
        -:    6:    float f;
        1:    7:    f = 1/sqrt(1 - x*x);
        1:    8:    return f;
        1:    8-block  0
        -:    9:}
        -:   10:
        -:   11:
function S called 1 returned 100% blocks executed 100%
        1:   12:float S(float x, float eps) // ряд s(x)
        1:   12-block  0
        -:   13:{
        1:   14:    int n_ch = -1; //  коэф в числителе
        1:   15:    int n_zn = 0; // коэф в знаменателе
        1:   16:    float s = 1;
        1:   17:    float elem = 1;
        -:   18:
        6:   19:    while(fabs(elem) > eps)
        1:   19-block  0
        6:   19-block  1
переход  0 выполнен 83%
переход  1 выполнен 17% (fallthrough)
        -:   20:    {
        5:   21:        n_ch += 2;
        5:   22:        n_zn += 2;
        5:   23:        elem = elem*x*x*n_ch/n_zn;
        5:   24:        s += elem;
        5:   24-block  0
        -:   25:    }
        -:   26:
        1:   27:    return s;
        1:   27-block  0
        -:   28:
        -:   29:}
        -:   30:
        -:   31:
function main called 4 returned 100% blocks executed 100%
        4:   32:int main(void)
        4:   32-block  0
        -:   33:{
        -:   34:    float q1, q, x, eps;
        -:   35:    float absolute, relative, s, f;
        4:   36:    printf("Input the value of the argument |X| < 1: ");
        4:   36-block  0
вызов    0 вернул 100%
        4:   37:    q1 = scanf("%f", &x);
вызов    0 вернул 100%
        4:   38:    if (q1 != 1)
переход  0 выполнен 25% (fallthrough)
переход  1 выполнен 75%
        -:   39:    {
        1:   40:        printf("Wrong value");
        1:   40-block  0
вызов    0 вернул 100%
        -:   41:    }
        -:   42:    else
        -:   43:    {
        3:   44:        if (x <= -1 || x >= 1) // проверка на правильный ввод аргумента
        3:   44-block  0
переход  0 выполнен 100% (fallthrough)
переход  1 выполнен 0%
        3:   44-block  1
переход  2 выполнен 33% (fallthrough)
переход  3 выполнен 67%
        -:   45:        {
        1:   46:            printf("Wrong value");
        1:   46-block  0
вызов    0 вернул 100%
        -:   47:        }
        -:   48:        else
        -:   49:        {
        2:   50:            printf("Input epsilon: ");
        2:   50-block  0
вызов    0 вернул 100%
        2:   51:            q = scanf("%f", &eps);
вызов    0 вернул 100%
        2:   52:            if (q != 1) // проверка на правильный ввод точности
переход  0 выполнен 50% (fallthrough)
переход  1 выполнен 50%
        -:   53:            {
        1:   54:                printf("Wrong value");
        1:   54-block  0
вызов    0 вернул 100%
        -:   55:            }
        -:   56:            else
        -:   57:            {
        1:   58:                s = S(x, eps);
        1:   58-block  0
вызов    0 вернул 100%
        1:   59:                f = F(x);
вызов    0 вернул 100%
        1:   60:                printf("\nApproximate value of the function s(x): %f", s);
вызов    0 вернул 100%
        1:   61:                printf("\nThe exact value of the function f(x): %f", f);
вызов    0 вернул 100%
        -:   62:
        1:   63:                absolute = fabs(f - s);
        1:   64:                relative = fabs((f - s)/f);
        1:   65:                printf("\nAbsolute error: %f", absolute);
вызов    0 вернул 100%
        4:   66:                printf("\nRelative error: %f", relative);
вызов    0 вернул 100%
        4:   66-block  0
        -:   67:            }
        -:   68:        }
        -:   69:    }
        -:   70:}
